0 info it worked if it ends with ok
1 verbose cli [ '/usr/local/bin/node',
1 verbose cli   '/usr/local/bin/npm',
1 verbose cli   'install',
1 verbose cli   '-g',
1 verbose cli   'mocha' ]
2 info using npm@1.4.28
3 info using node@v0.10.32
4 verbose cache add [ 'mocha', null ]
5 verbose cache add name=undefined spec="mocha" args=["mocha",null]
6 verbose parsed url { protocol: null,
6 verbose parsed url   slashes: null,
6 verbose parsed url   auth: null,
6 verbose parsed url   host: null,
6 verbose parsed url   port: null,
6 verbose parsed url   hostname: null,
6 verbose parsed url   hash: null,
6 verbose parsed url   search: null,
6 verbose parsed url   query: null,
6 verbose parsed url   pathname: 'mocha',
6 verbose parsed url   path: 'mocha',
6 verbose parsed url   href: 'mocha' }
7 silly lockFile a619da43-mocha mocha
8 verbose lock mocha /home/adrian/.npm/a619da43-mocha.lock
9 silly lockFile a619da43-mocha mocha
10 silly lockFile a619da43-mocha mocha
11 verbose addNamed [ 'mocha', '' ]
12 verbose addNamed [ null, '*' ]
13 silly lockFile b9899f31-mocha mocha@
14 verbose lock mocha@ /home/adrian/.npm/b9899f31-mocha.lock
15 silly addNameRange { name: 'mocha', range: '*', hasData: false }
16 verbose request where is /mocha
17 verbose request registry https://registry.npmjs.org/
18 verbose request id 89b0ad9a59a61696
19 verbose url raw /mocha
20 verbose url resolving [ 'https://registry.npmjs.org/', './mocha' ]
21 verbose url resolved https://registry.npmjs.org/mocha
22 verbose request where is https://registry.npmjs.org/mocha
23 info trying registry request attempt 1 at 01:16:05
24 http GET https://registry.npmjs.org/mocha
25 http 200 https://registry.npmjs.org/mocha
26 silly registry.get cb [ 200,
26 silly registry.get   { date: 'Fri, 16 Jan 2015 01:16:06 GMT',
26 silly registry.get     server: 'CouchDB/1.5.0 (Erlang OTP/R16B03)',
26 silly registry.get     etag: '"1NJDYAFACVCDM9ZYCXB3QS73V"',
26 silly registry.get     'content-type': 'application/json',
26 silly registry.get     'cache-control': 'max-age=60',
26 silly registry.get     'content-length': '111520',
26 silly registry.get     'accept-ranges': 'bytes',
26 silly registry.get     via: '1.1 varnish',
26 silly registry.get     age: '0',
26 silly registry.get     'x-served-by': 'cache-lhr6334-LHR',
26 silly registry.get     'x-cache': 'HIT',
26 silly registry.get     'x-cache-hits': '1',
26 silly registry.get     'x-timer': 'S1421370966.278365,VS0,VE85',
26 silly registry.get     vary: 'Accept',
26 silly registry.get     'keep-alive': 'timeout=10, max=50',
26 silly registry.get     connection: 'Keep-Alive' } ]
27 silly addNameRange number 2 { name: 'mocha', range: '*', hasData: true }
28 silly addNameRange versions [ 'mocha',
28 silly addNameRange   [ '0.0.1-alpha1',
28 silly addNameRange     '0.0.1-alpha2',
28 silly addNameRange     '0.0.1-alpha3',
28 silly addNameRange     '0.0.1-alpha4',
28 silly addNameRange     '0.0.1-alpha5',
28 silly addNameRange     '0.0.1-alpha6',
28 silly addNameRange     '0.0.1',
28 silly addNameRange     '0.0.2',
28 silly addNameRange     '0.0.3',
28 silly addNameRange     '0.0.4',
28 silly addNameRange     '0.0.5',
28 silly addNameRange     '0.0.6',
28 silly addNameRange     '0.0.7',
28 silly addNameRange     '0.0.8',
28 silly addNameRange     '0.1.0',
28 silly addNameRange     '0.2.0',
28 silly addNameRange     '0.3.0',
28 silly addNameRange     '0.3.1',
28 silly addNameRange     '0.3.2',
28 silly addNameRange     '0.3.3',
28 silly addNameRange     '0.3.4',
28 silly addNameRange     '0.3.6',
28 silly addNameRange     '0.4.0',
28 silly addNameRange     '0.5.0',
28 silly addNameRange     '0.6.0',
28 silly addNameRange     '0.7.0',
28 silly addNameRange     '0.7.1',
28 silly addNameRange     '0.8.0',
28 silly addNameRange     '0.8.1',
28 silly addNameRange     '0.9.0',
28 silly addNameRange     '0.10.0',
28 silly addNameRange     '0.10.1',
28 silly addNameRange     '0.10.2',
28 silly addNameRange     '0.11.0',
28 silly addNameRange     '0.12.0',
28 silly addNameRange     '0.12.1',
28 silly addNameRange     '0.13.0',
28 silly addNameRange     '0.14.0',
28 silly addNameRange     '0.14.1',
28 silly addNameRange     '1.0.0',
28 silly addNameRange     '1.0.1',
28 silly addNameRange     '1.0.2',
28 silly addNameRange     '1.0.3',
28 silly addNameRange     '1.1.0',
28 silly addNameRange     '1.2.0',
28 silly addNameRange     '1.2.1',
28 silly addNameRange     '1.2.2',
28 silly addNameRange     '1.3.0',
28 silly addNameRange     '1.3.1',
28 silly addNameRange     '1.3.2',
28 silly addNameRange     '1.4.0',
28 silly addNameRange     '1.4.1',
28 silly addNameRange     '1.4.2',
28 silly addNameRange     '1.4.3',
28 silly addNameRange     '1.5.0',
28 silly addNameRange     '1.6.0',
28 silly addNameRange     '1.7.0',
28 silly addNameRange     '1.7.1',
28 silly addNameRange     '1.7.2',
28 silly addNameRange     '1.7.3',
28 silly addNameRange     '1.7.4',
28 silly addNameRange     '1.8.0',
28 silly addNameRange     '1.8.1',
28 silly addNameRange     '1.8.2',
28 silly addNameRange     '1.9.0',
28 silly addNameRange     '1.10.0',
28 silly addNameRange     '1.11.0',
28 silly addNameRange     '1.12.0',
28 silly addNameRange     '1.12.1',
28 silly addNameRange     '1.13.0',
28 silly addNameRange     '1.14.0',
28 silly addNameRange     '1.15.0',
28 silly addNameRange     '1.15.1',
28 silly addNameRange     '1.16.0',
28 silly addNameRange     '1.16.1',
28 silly addNameRange     '1.16.2',
28 silly addNameRange     '1.17.0',
28 silly addNameRange     '1.17.1',
28 silly addNameRange     '1.18.0',
28 silly addNameRange     '1.18.1',
28 silly addNameRange     '1.18.2',
28 silly addNameRange     '1.19.0',
28 silly addNameRange     '1.20.0',
28 silly addNameRange     '1.20.1',
28 silly addNameRange     '1.21.0',
28 silly addNameRange     '1.21.1',
28 silly addNameRange     '1.21.2',
28 silly addNameRange     '1.21.3',
28 silly addNameRange     '1.21.4',
28 silly addNameRange     '1.21.5',
28 silly addNameRange     '2.0.0',
28 silly addNameRange     '2.0.1',
28 silly addNameRange     '2.1.0' ] ]
29 verbose addNamed [ 'mocha', '2.1.0' ]
30 verbose addNamed [ '2.1.0', '2.1.0' ]
31 silly lockFile f9a4f261-mocha-2-1-0 mocha@2.1.0
32 verbose lock mocha@2.1.0 /home/adrian/.npm/f9a4f261-mocha-2-1-0.lock
33 silly lockFile ff48524b--npmjs-org-mocha-mocha-2-1-0-tgz https://registry.npmjs.org/mocha/-/mocha-2.1.0.tgz
34 verbose lock https://registry.npmjs.org/mocha/-/mocha-2.1.0.tgz /home/adrian/.npm/ff48524b--npmjs-org-mocha-mocha-2-1-0-tgz.lock
35 verbose addRemoteTarball [ 'https://registry.npmjs.org/mocha/-/mocha-2.1.0.tgz',
35 verbose addRemoteTarball   '77752fe592fb9092756827af46cd3eae1b83671c' ]
36 info retry fetch attempt 1 at 01:16:05
37 verbose fetch to= /tmp/npm-12156-w0pbV1B5/registry.npmjs.org/mocha/-/mocha-2.1.0.tgz
38 http GET https://registry.npmjs.org/mocha/-/mocha-2.1.0.tgz
39 http 200 https://registry.npmjs.org/mocha/-/mocha-2.1.0.tgz
40 silly lockFile ff48524b--npmjs-org-mocha-mocha-2-1-0-tgz https://registry.npmjs.org/mocha/-/mocha-2.1.0.tgz
41 silly lockFile ff48524b--npmjs-org-mocha-mocha-2-1-0-tgz https://registry.npmjs.org/mocha/-/mocha-2.1.0.tgz
42 silly lockFile f9a4f261-mocha-2-1-0 mocha@2.1.0
43 silly lockFile f9a4f261-mocha-2-1-0 mocha@2.1.0
44 silly lockFile b9899f31-mocha mocha@
45 silly lockFile b9899f31-mocha mocha@
46 silly resolved [ { name: 'mocha',
46 silly resolved     version: '2.1.0',
46 silly resolved     description: 'simple, flexible, fun test framework',
46 silly resolved     keywords: [ 'mocha', 'test', 'bdd', 'tdd', 'tap' ],
46 silly resolved     author: { name: 'TJ Holowaychuk', email: 'tj@vision-media.ca' },
46 silly resolved     contributors:
46 silly resolved      [ [Object],
46 silly resolved        [Object],
46 silly resolved        [Object],
46 silly resolved        [Object],
46 silly resolved        [Object],
46 silly resolved        [Object],
46 silly resolved        [Object],
46 silly resolved        [Object] ],
46 silly resolved     repository: { type: 'git', url: 'git://github.com/mochajs/mocha.git' },
46 silly resolved     maintainers: [ [Object], [Object], [Object] ],
46 silly resolved     main: './index',
46 silly resolved     browser: './mocha.js',
46 silly resolved     bin: { mocha: './bin/mocha', _mocha: './bin/_mocha' },
46 silly resolved     engines: { node: '>= 0.8.x' },
46 silly resolved     scripts: { test: 'make test-all' },
46 silly resolved     dependencies:
46 silly resolved      { commander: '2.3.0',
46 silly resolved        debug: '2.0.0',
46 silly resolved        diff: '1.0.8',
46 silly resolved        'escape-string-regexp': '1.0.2',
46 silly resolved        glob: '3.2.3',
46 silly resolved        growl: '1.8.1',
46 silly resolved        jade: '0.26.3',
46 silly resolved        mkdirp: '0.5.0' },
46 silly resolved     devDependencies: { 'coffee-script': '~1.8.0', should: '~4.0.0' },
46 silly resolved     files:
46 silly resolved      [ 'bin',
46 silly resolved        'images',
46 silly resolved        'lib',
46 silly resolved        'index.js',
46 silly resolved        'mocha.css',
46 silly resolved        'mocha.js',
46 silly resolved        'LICENSE' ],
46 silly resolved     licenses: [ [Object] ],
46 silly resolved     bugs: { url: 'https://github.com/mochajs/mocha/issues' },
46 silly resolved     homepage: 'https://github.com/mochajs/mocha',
46 silly resolved     _id: 'mocha@2.1.0',
46 silly resolved     _shasum: '77752fe592fb9092756827af46cd3eae1b83671c',
46 silly resolved     _from: 'mocha@',
46 silly resolved     _npmVersion: '1.4.9',
46 silly resolved     _npmUser: { name: 'travisjeffery', email: 'tj@travisjeffery.com' },
46 silly resolved     dist:
46 silly resolved      { shasum: '77752fe592fb9092756827af46cd3eae1b83671c',
46 silly resolved        tarball: 'http://registry.npmjs.org/mocha/-/mocha-2.1.0.tgz' },
46 silly resolved     directories: {},
46 silly resolved     _resolved: 'https://registry.npmjs.org/mocha/-/mocha-2.1.0.tgz' } ]
47 info install mocha@2.1.0 into /usr/local/lib
48 info installOne mocha@2.1.0
49 verbose lib/node_modules/mocha unbuild
50 verbose tar unpack /home/adrian/.npm/mocha/2.1.0/package.tgz
51 silly lockFile 746f3f6f-usr-local-lib-node-modules-mocha tar:///usr/local/lib/node_modules/mocha
52 verbose lock tar:///usr/local/lib/node_modules/mocha /home/adrian/.npm/746f3f6f-usr-local-lib-node-modules-mocha.lock
53 silly lockFile 453bc299-rian-npm-mocha-2-1-0-package-tgz tar:///home/adrian/.npm/mocha/2.1.0/package.tgz
54 verbose lock tar:///home/adrian/.npm/mocha/2.1.0/package.tgz /home/adrian/.npm/453bc299-rian-npm-mocha-2-1-0-package-tgz.lock
55 silly gunzTarPerm modes [ '775', '664' ]
56 error Error: EACCES, mkdir '/usr/local/lib/node_modules/mocha'
56 error  { [Error: EACCES, mkdir '/usr/local/lib/node_modules/mocha']
56 error   errno: 3,
56 error   code: 'EACCES',
56 error   path: '/usr/local/lib/node_modules/mocha',
56 error   fstream_type: 'Directory',
56 error   fstream_path: '/usr/local/lib/node_modules/mocha',
56 error   fstream_class: 'DirWriter',
56 error   fstream_stack:
56 error    [ '/usr/local/lib/node_modules/npm/node_modules/fstream/lib/dir-writer.js:36:23',
56 error      '/usr/local/lib/node_modules/npm/node_modules/mkdirp/index.js:46:53',
56 error      'Object.oncomplete (fs.js:107:15)' ] }
57 error Please try running this command again as root/Administrator.
58 error System Linux 3.13.0-39-generic
59 error command "/usr/local/bin/node" "/usr/local/bin/npm" "install" "-g" "mocha"
60 error cwd /home/adrian/Development/Src/bg-hive-api
61 error node -v v0.10.32
62 error npm -v 1.4.28
63 error path /usr/local/lib/node_modules/mocha
64 error fstream_path /usr/local/lib/node_modules/mocha
65 error fstream_type Directory
66 error fstream_class DirWriter
67 error code EACCES
68 error errno 3
69 error stack Error: EACCES, mkdir '/usr/local/lib/node_modules/mocha'
70 error fstream_stack /usr/local/lib/node_modules/npm/node_modules/fstream/lib/dir-writer.js:36:23
70 error fstream_stack /usr/local/lib/node_modules/npm/node_modules/mkdirp/index.js:46:53
70 error fstream_stack Object.oncomplete (fs.js:107:15)
71 verbose exit [ 3, true ]
